<?xml version="1.0" encoding="utf-8"?><testsuites name="pytest tests"><testsuite name="pytest" errors="0" failures="0" skipped="5" tests="31" time="0.401" timestamp="2025-08-25T23:43:35.499953-03:00" hostname="DESKTOP-D1KR7TB"><testcase classname="src.tests.contracts.test_contract_consistency" name="test_contract_consistency_headers_and_error_shape" time="0.007" /><testcase classname="src.tests.contracts.test_contract_consistency" name="test_response_contract_consistency_headers_and_error_body" time="0.009" /><testcase classname="src.tests.test_movies.test_movie_create" name="test_create_movie_success" time="0.011" /><testcase classname="src.tests.test_movies.test_movie_create" name="test_create_movie_validation_error" time="0.008" /><testcase classname="src.tests.test_movies.test_movie_create" name="test_create_movie_invalid_body_format" time="0.009" /><testcase classname="src.tests.test_movies.test_movie_delete" name="test_delete_movie_success" time="0.014" /><testcase classname="src.tests.test_movies.test_movie_delete" name="test_delete_movie_non_existing_id" time="0.005" /><testcase classname="src.tests.test_movies.test_movie_get_by_id" name="test_get_movie_by_id_success" time="0.012" /><testcase classname="src.tests.test_movies.test_movie_get_by_id_nonexistent" name="test_get_movie_by_id_nonexistent_returns_404" time="0.003" /><testcase classname="src.tests.test_movies.test_movie_invalid_methods" name="test_movies_endpoint_unsupported_method" time="0.001"><skipped type="pytest.skip" message="MovieService no expone un cliente HTTP para probar métodos arbitrarios en /movies">C:\Users\Usuario\OneDrive\Documentos\GitHub\ma_ng_movie_shop\test_ma_ng_movie_shop\testing\src\tests\test_movies\test_movie_invalid_methods.py:25: MovieService no expone un cliente HTTP para probar métodos arbitrarios en /movies</skipped></testcase><testcase classname="src.tests.test_movies.test_movie_search" name="test_search_movies_matches_found" time="0.012" /><testcase classname="src.tests.test_movies.test_movie_search" name="test_search_movies_no_matches" time="0.002" /><testcase classname="src.tests.test_movies.test_movie_transfer" name="test_transfer_movie_success" time="0.031" /><testcase classname="src.tests.test_movies.test_movie_transfer" name="test_transfer_movie_qty_greater_than_stock" time="0.019" /><testcase classname="src.tests.test_movies.test_movie_update" name="test_update_movie_name_success" time="0.017" /><testcase classname="src.tests.test_movies.test_movie_update_nonexistent" name="test_update_movie_nonexistent_id_returns_404_or_422" time="0.004" /><testcase classname="src.tests.test_movies.test_movie_update_validation" name="test_update_movie_validation_error" time="0.012" /><testcase classname="src.tests.test_movies.test_movies_get" name="test_get_movies_success" time="0.002" /><testcase classname="src.tests.test_movies.test_movies_get" name="test_get_movies_empty_list" time="0.002" /><testcase classname="src.tests.test_movies.test_movies_get" name="test_get_movies_ignores_auth_header" time="0.003" /><testcase classname="src.tests.test_shops.test_shop_create" name="test_create_shop_success" time="0.004" /><testcase classname="src.tests.test_shops.test_shop_delete" name="test_delete_shop_success" time="0.004"><skipped type="pytest.skip" message="ShopService no expone delete_shop; se omite este caso en esta implementación.">C:\Users\Usuario\OneDrive\Documentos\GitHub\ma_ng_movie_shop\test_ma_ng_movie_shop\testing\src\tests\test_shops\test_shop_delete.py:21: ShopService no expone delete_shop; se omite este caso en esta implementación.</skipped></testcase><testcase classname="src.tests.test_shops.test_shop_get" name="test_get_shops_success" time="0.003" /><testcase classname="src.tests.test_shops.test_shop_get" name="test_get_shop_empty_list" time="0.004" /><testcase classname="src.tests.test_shops.test_shop_get" name="test_get_shops_invalid_response" time="0.000"><skipped type="pytest.skip" message="API has no authentication; invalid token test not applicable">C:\Users\Usuario\OneDrive\Documentos\GitHub\ma_ng_movie_shop\test_ma_ng_movie_shop\testing\src\tests\test_shops\test_shop_get.py:30: API has no authentication; invalid token test not applicable</skipped></testcase><testcase classname="src.tests.test_shops.test_shop_movies" name="test_get_shop_movies_available_true" time="0.017" /><testcase classname="src.tests.test_shops.test_shop_movies" name="test_get_shop_movies_available_false" time="0.017"><skipped type="pytest.skip" message="El backend no está devolviendo rentadas con available=false (ninguna rent=True)">C:\Users\Usuario\OneDrive\Documentos\GitHub\ma_ng_movie_shop\test_ma_ng_movie_shop\testing\src\tests\test_shops\test_shop_movies.py:187: El backend no está devolviendo rentadas con available=false (ninguna rent=True)</skipped></testcase><testcase classname="src.tests.test_shops.test_shop_movies" name="test_get_shop_movies_nonexistent" time="0.002" /><testcase classname="src.tests.test_shops.test_shop_movies" name="test_get_shop_movies_empty" time="0.005" /><testcase classname="src.tests.test_shops.test_shop_movies" name="test_get_shop_movies_invalid_id_format" time="0.002" /><testcase classname="src.tests.test_shops.test_shop_update" name="test_update_shop_success" time="0.005"><skipped type="pytest.skip" message="ShopService no expone update_shop; se omite este caso en esta implementación.">C:\Users\Usuario\OneDrive\Documentos\GitHub\ma_ng_movie_shop\test_ma_ng_movie_shop\testing\src\tests\test_shops\test_shop_update.py:21: ShopService no expone update_shop; se omite este caso en esta implementación.</skipped></testcase></testsuite></testsuites>